<?xml version="1.0" encoding="UTF-8"?>
<!-- Generated by org.testng.reporters.JUnitXMLReporter -->
<testsuite ignored="0" hostname="DESKTOP-1GQAEG1" failures="1" tests="1" name="TestB" time="0.052" errors="0" timestamp="2025-01-07T10:39:48 IST">
  <testcase classname="basics.Demo" name="login" time="0.0">
    <failure type="org.testng.TestNGException" message="
Parameter &amp;apos;url&amp;apos; is required by @Test on method login but has not been marked @Optional or defined
in C:\Users\TRAINER\eclipse-workspace\Automation\learn_parameterization.xml">
      <![CDATA[org.testng.TestNGException: 
Parameter 'url' is required by @Test on method login but has not been marked @Optional or defined
in C:\Users\TRAINER\eclipse-workspace\Automation\learn_parameterization.xml
at java.base/java.util.ArrayList.forEach(ArrayList.java:1511)
at java.base/java.util.concurrent.FutureTask.run(FutureTask.java:264)
at java.base/java.util.concurrent.ThreadPoolExecutor.runWorker(ThreadPoolExecutor.java:1136)
at java.base/java.util.concurrent.ThreadPoolExecutor$Worker.run(ThreadPoolExecutor.java:635)
at java.base/java.lang.Thread.run(Thread.java:840)
... Removed 17 stack frames]]>
    </failure>
  </testcase> <!-- login -->
</testsuite> <!-- TestB -->
