<?xml version="1.0" encoding="UTF-8"?>
<!-- Generated by org.testng.reporters.JUnitXMLReporter -->
<testsuite ignored="0" hostname="DESKTOP-1GQAEG1" failures="0" tests="4" name="Default test" time="23.269" errors="0" timestamp="2025-01-07T11:16:34 IST">
  <testcase classname="basics.Demo" name="login" time="5.891"/>
  <testcase classname="basics.Demo" name="login" time="4.702"/>
  <testcase classname="basics.Demo" name="login" time="5.272"/>
  <testcase classname="basics.Demo" name="login" time="7.343"/>
</testsuite> <!-- Default test -->
