<?xml version="1.0" encoding="UTF-8"?>
<testng-results ignored="0" total="4" passed="4" failed="0" skipped="0">
  <reporter-output>
  </reporter-output>
  <suite started-at="2025-01-07T11:16:10 IST" name="Default suite" finished-at="2025-01-07T11:16:34 IST" duration-ms="23269">
    <groups>
    </groups>
    <test started-at="2025-01-07T11:16:10 IST" name="Default test" finished-at="2025-01-07T11:16:34 IST" duration-ms="23269">
      <class name="basics.Demo">
        <test-method signature="login(java.lang.String,java.lang.String)[pri:0, instance:basics.Demo@bd4dc25]" started-at="2025-01-07T11:16:10 IST" name="login" data-provider="getData" finished-at="2025-01-07T11:16:16 IST" duration-ms="5891" status="PASS">
          <params>
            <param index="0">
              <value>
                <![CDATA[Admin]]>
              </value>
            </param>
            <param index="1">
              <value>
                <![CDATA[admin123]]>
              </value>
            </param>
          </params>
          <reporter-output>
          </reporter-output>
        </test-method> <!-- login -->
        <test-method signature="login(java.lang.String,java.lang.String)[pri:0, instance:basics.Demo@bd4dc25]" started-at="2025-01-07T11:16:16 IST" name="login" data-provider="getData" finished-at="2025-01-07T11:16:21 IST" duration-ms="4702" status="PASS">
          <params>
            <param index="0">
              <value>
                <![CDATA[Virat]]>
              </value>
            </param>
            <param index="1">
              <value>
                <![CDATA[Anushka]]>
              </value>
            </param>
          </params>
          <reporter-output>
          </reporter-output>
        </test-method> <!-- login -->
        <test-method signature="login(java.lang.String,java.lang.String)[pri:0, instance:basics.Demo@bd4dc25]" started-at="2025-01-07T11:16:21 IST" name="login" data-provider="getData" finished-at="2025-01-07T11:16:26 IST" duration-ms="5272" status="PASS">
          <params>
            <param index="0">
              <value>
                <![CDATA[Selenium]]>
              </value>
            </param>
            <param index="1">
              <value>
                <![CDATA[QTP]]>
              </value>
            </param>
          </params>
          <reporter-output>
          </reporter-output>
        </test-method> <!-- login -->
        <test-method signature="login(java.lang.String,java.lang.String)[pri:0, instance:basics.Demo@bd4dc25]" started-at="2025-01-07T11:16:26 IST" name="login" data-provider="getData" finished-at="2025-01-07T11:16:34 IST" duration-ms="7343" status="PASS">
          <params>
            <param index="0">
              <value>
                <![CDATA[Modi]]>
              </value>
            </param>
            <param index="1">
              <value>
                <![CDATA[Rahul]]>
              </value>
            </param>
          </params>
          <reporter-output>
          </reporter-output>
        </test-method> <!-- login -->
      </class> <!-- basics.Demo -->
    </test> <!-- Default test -->
  </suite> <!-- Default suite -->
</testng-results>
